  stdafx.cpp
  EagleEye.cpp
D:\repos\EagleEye\EagleEye\EagleEye.cpp(36,13): warning C4244: 'initializing': conversion from '__int64' to 'int', possible loss of data
D:\repos\EagleEye\EagleEye\EagleEye.cpp(60,10): warning C4566: character represented by universal-character-name '\u7533' cannot be represented in the current code page (1252)
D:\repos\EagleEye\EagleEye\EagleEye.cpp(60,10): warning C4566: character represented by universal-character-name '\u8BF7' cannot be represented in the current code page (1252)
D:\repos\EagleEye\EagleEye\EagleEye.cpp(60,10): warning C4566: character represented by universal-character-name '\u5185' cannot be represented in the current code page (1252)
D:\repos\EagleEye\EagleEye\EagleEye.cpp(60,10): warning C4566: character represented by universal-character-name '\u5B58' cannot be represented in the current code page (1252)
D:\repos\EagleEye\EagleEye\EagleEye.cpp(60,10): warning C4566: character represented by universal-character-name '\u5931' cannot be represented in the current code page (1252)
D:\repos\EagleEye\EagleEye\EagleEye.cpp(60,10): warning C4566: character represented by universal-character-name '\u8D25' cannot be represented in the current code page (1252)
D:\repos\EagleEye\EagleEye\EagleEye.cpp(60,10): warning C4566: character represented by universal-character-name '\uFF0C' cannot be represented in the current code page (1252)
D:\repos\EagleEye\EagleEye\EagleEye.cpp(60,10): warning C4566: character represented by universal-character-name '\u9519' cannot be represented in the current code page (1252)
D:\repos\EagleEye\EagleEye\EagleEye.cpp(60,10): warning C4566: character represented by universal-character-name '\u8BEF' cannot be represented in the current code page (1252)
D:\repos\EagleEye\EagleEye\EagleEye.cpp(60,10): warning C4566: character represented by universal-character-name '\u4EE3' cannot be represented in the current code page (1252)
D:\repos\EagleEye\EagleEye\EagleEye.cpp(60,10): warning C4566: character represented by universal-character-name '\u7801' cannot be represented in the current code page (1252)
D:\repos\EagleEye\EagleEye\EagleEye.cpp(60,10): warning C4566: character represented by universal-character-name '\uFF1A' cannot be represented in the current code page (1252)
D:\repos\EagleEye\EagleEye\EagleEye.cpp(67,10): warning C4566: character represented by universal-character-name '\u5199' cannot be represented in the current code page (1252)
D:\repos\EagleEye\EagleEye\EagleEye.cpp(67,10): warning C4566: character represented by universal-character-name '\u5165' cannot be represented in the current code page (1252)
D:\repos\EagleEye\EagleEye\EagleEye.cpp(67,10): warning C4566: character represented by universal-character-name '\u5185' cannot be represented in the current code page (1252)
D:\repos\EagleEye\EagleEye\EagleEye.cpp(67,10): warning C4566: character represented by universal-character-name '\u5B58' cannot be represented in the current code page (1252)
D:\repos\EagleEye\EagleEye\EagleEye.cpp(67,10): warning C4566: character represented by universal-character-name '\u5931' cannot be represented in the current code page (1252)
D:\repos\EagleEye\EagleEye\EagleEye.cpp(67,10): warning C4566: character represented by universal-character-name '\u8D25' cannot be represented in the current code page (1252)
D:\repos\EagleEye\EagleEye\EagleEye.cpp(67,10): warning C4566: character represented by universal-character-name '\uFF0C' cannot be represented in the current code page (1252)
D:\repos\EagleEye\EagleEye\EagleEye.cpp(67,10): warning C4566: character represented by universal-character-name '\u9519' cannot be represented in the current code page (1252)
D:\repos\EagleEye\EagleEye\EagleEye.cpp(67,10): warning C4566: character represented by universal-character-name '\u8BEF' cannot be represented in the current code page (1252)
D:\repos\EagleEye\EagleEye\EagleEye.cpp(67,10): warning C4566: character represented by universal-character-name '\u4EE3' cannot be represented in the current code page (1252)
D:\repos\EagleEye\EagleEye\EagleEye.cpp(67,10): warning C4566: character represented by universal-character-name '\u7801' cannot be represented in the current code page (1252)
D:\repos\EagleEye\EagleEye\EagleEye.cpp(67,10): warning C4566: character represented by universal-character-name '\uFF1A' cannot be represented in the current code page (1252)
D:\repos\EagleEye\EagleEye\EagleEye.cpp(75,10): warning C4566: character represented by universal-character-name '\u521B' cannot be represented in the current code page (1252)
D:\repos\EagleEye\EagleEye\EagleEye.cpp(75,10): warning C4566: character represented by universal-character-name '\u5EFA' cannot be represented in the current code page (1252)
D:\repos\EagleEye\EagleEye\EagleEye.cpp(75,10): warning C4566: character represented by universal-character-name '\u8FDC' cannot be represented in the current code page (1252)
D:\repos\EagleEye\EagleEye\EagleEye.cpp(75,10): warning C4566: character represented by universal-character-name '\u7EBF' cannot be represented in the current code page (1252)
D:\repos\EagleEye\EagleEye\EagleEye.cpp(75,10): warning C4566: character represented by universal-character-name '\u7A0B' cannot be represented in the current code page (1252)
D:\repos\EagleEye\EagleEye\EagleEye.cpp(75,10): warning C4566: character represented by universal-character-name '\u5931' cannot be represented in the current code page (1252)
D:\repos\EagleEye\EagleEye\EagleEye.cpp(75,10): warning C4566: character represented by universal-character-name '\u8D25' cannot be represented in the current code page (1252)
D:\repos\EagleEye\EagleEye\EagleEye.cpp(75,10): warning C4566: character represented by universal-character-name '\uFF0C' cannot be represented in the current code page (1252)
D:\repos\EagleEye\EagleEye\EagleEye.cpp(75,10): warning C4566: character represented by universal-character-name '\u9519' cannot be represented in the current code page (1252)
D:\repos\EagleEye\EagleEye\EagleEye.cpp(75,10): warning C4566: character represented by universal-character-name '\u8BEF' cannot be represented in the current code page (1252)
D:\repos\EagleEye\EagleEye\EagleEye.cpp(75,10): warning C4566: character represented by universal-character-name '\u4EE3' cannot be represented in the current code page (1252)
D:\repos\EagleEye\EagleEye\EagleEye.cpp(75,10): warning C4566: character represented by universal-character-name '\u7801' cannot be represented in the current code page (1252)
D:\repos\EagleEye\EagleEye\EagleEye.cpp(75,10): warning C4566: character represented by universal-character-name '\uFF1A' cannot be represented in the current code page (1252)
D:\repos\EagleEye\EagleEye\EagleEye.cpp(91,30): warning C4312: 'type cast': conversion from 'DWORD' to 'HMODULE' of greater size
D:\repos\EagleEye\EagleEye\EagleEye.cpp(99,10): warning C4566: character represented by universal-character-name '\u7528' cannot be represented in the current code page (1252)
D:\repos\EagleEye\EagleEye\EagleEye.cpp(99,10): warning C4566: character represented by universal-character-name '\u6CD5' cannot be represented in the current code page (1252)
D:\repos\EagleEye\EagleEye\EagleEye.cpp(99,10): warning C4566: character represented by universal-character-name '\uFF1A' cannot be represented in the current code page (1252)
D:\repos\EagleEye\EagleEye\EagleEye.cpp(99,10): warning C4566: character represented by universal-character-name '\u8DEF' cannot be represented in the current code page (1252)
D:\repos\EagleEye\EagleEye\EagleEye.cpp(99,10): warning C4566: character represented by universal-character-name '\u5F84' cannot be represented in the current code page (1252)
  EagleEye.vcxproj -> D:\repos\EagleEye\x64\Debug\EagleEye.exe
